[0.000000] (-) TimerEvent: {}
[0.000768] (epson_robot_description) JobQueued: {'identifier': 'epson_robot_description', 'dependencies': OrderedDict()}
[0.001883] (epson_robot_description) JobStarted: {'identifier': 'epson_robot_description'}
[0.099288] (-) TimerEvent: {}
[0.158600] (epson_robot_description) StderrLine: {'line': b'Traceback (most recent call last):\n  File "/usr/lib/python3/dist-packages/colcon_core/executor/__init__.py", line 91, in __call__\n    rc = await self.task(*args, **kwargs)\n  File "/usr/lib/python3/dist-packages/colcon_core/task/__init__.py", line 93, in __call__\n    return await task_method(*args, **kwargs)\n  File "/usr/lib/python3/dist-packages/colcon_ros/task/ament_python/build.py", line 102, in build\n    return await extension.build(additional_hooks=additional_hooks)\n  File "/usr/lib/python3/dist-packages/colcon_core/task/python/build.py", line 94, in build\n    available_commands = await self._get_available_commands(\n  File "/usr/lib/python3/dist-packages/colcon_core/task/python/build.py", line 192, in _get_available_commands\n    output = await check_output(\n  File "/usr/lib/python3/dist-packages/colcon_core/subprocess.py", line 129, in check_output\n    assert not rc, f\'Expected {args} to pass: {stderr_data}\'\nAssertionError: Expected [\'/usr/bin/python3\', \'-W\', \'ignore:setup.py install is deprecated\', \'setup.py\', \'--help-commands\'] to pass: SyntaxError: Non-UTF-8 code starting with \'\\x96\' in file /root/catkin_ws/src/epson_robot_description/setup.py on line 6, but no encoding declared; see https://python.org/dev/peps/pep-0263/ for details\n\n'}
[0.160434] (epson_robot_description) JobEnded: {'identifier': 'epson_robot_description', 'rc': 1}
[0.169482] (-) EventReactorShutdown: {}
